2019-04-11 14:20:30.837  INFO 6360 --- [restartedMain] c.n.c.banco.rest.BancoRestApplication    : Starting BancoRestApplication on WIN10-EUNSVLP5 with PID 6360 (C:\Users\c.gomes.da.silva\Documents\GitHub\Crawler\banco-rest\target\classes started by c.gomes.da.silva in C:\Users\c.gomes.da.silva\Documents\GitHub\Crawler)
2019-04-11 14:20:30.840  INFO 6360 --- [restartedMain] c.n.c.banco.rest.BancoRestApplication    : No active profile set, falling back to default profiles: default
2019-04-11 14:20:30.984  INFO 6360 --- [restartedMain] ConfigServletWebServerApplicationContext : Refreshing org.springframework.boot.web.servlet.context.AnnotationConfigServletWebServerApplicationContext@65a9ec23: startup date [Thu Apr 11 14:20:30 GFT 2019]; root of context hierarchy
2019-04-11 14:20:34.399  INFO 6360 --- [restartedMain] trationDelegate$BeanPostProcessorChecker : Bean 'org.springframework.transaction.annotation.ProxyTransactionManagementConfiguration' of type [org.springframework.transaction.annotation.ProxyTransactionManagementConfiguration$$EnhancerBySpringCGLIB$$5c1fae1d] is not eligible for getting processed by all BeanPostProcessors (for example: not eligible for auto-proxying)
2019-04-11 14:20:35.066  INFO 6360 --- [restartedMain] o.s.b.w.embedded.tomcat.TomcatWebServer  : Tomcat initialized with port(s): 7080 (http)
2019-04-11 14:20:35.091  INFO 6360 --- [restartedMain] o.apache.catalina.core.StandardService   : Starting service [Tomcat]
2019-04-11 14:20:35.092  INFO 6360 --- [restartedMain] org.apache.catalina.core.StandardEngine  : Starting Servlet Engine: Apache Tomcat/8.5.32
2019-04-11 14:20:35.096  INFO 6360 --- [localhost-startStop-1] o.a.catalina.core.AprLifecycleListener   : The APR based Apache Tomcat Native library which allows optimal performance in production environments was not found on the java.library.path: [C:\Program Files\Java\jdk1.8.0_191\bin;C:\windows\Sun\Java\bin;C:\windows\system32;C:\windows;C:\ProgramData\DockerDesktop\version-bin;C:\Program Files\Docker\Docker\Resources\bin;C:\Program Files (x86)\Embarcadero\Studio\20.0\bin;C:\Users\Public\Documents\Embarcadero\Studio\20.0\Bpl;C:\Program Files (x86)\Embarcadero\Studio\20.0\bin64;C:\Users\Public\Documents\Embarcadero\Studio\20.0\Bpl\Win64;C:\Program Files (x86)\Common Files\Oracle\Java\javapath;C:\Program Files (x86)\Intel\Intel(R) Management Engine Components\iCLS\;C:\Program Files\Intel\Intel(R) Management Engine Components\iCLS\;C:\windows\system32;C:\windows;C:\windows\System32\Wbem;C:\windows\System32\WindowsPowerShell\v1.0\;C:\windows\System32\OpenSSH\;C:\Program Files (x86)\Intel\Intel(R) Management Engine Components\DAL;C:\Program Files\Intel\Intel(R) Management Engine Components\DAL;C:\Program Files (x86)\Intel\Intel(R) Management Engine Components\IPT;C:\Program Files\Intel\Intel(R) Management Engine Components\IPT;C:\Program Files\Intel\WiFi\bin\;C:\Program Files\Common Files\Intel\WirelessCommon\;C:\Program Files\Git\cmd;C:\Program Files\Microsoft SQL Server\130\Tools\Binn\;C:\Program Files\dotnet\;C:\Program Files (x86)\GtkSharp\2.12\bin;C:\windows\system32\config\systemprofile\.dnx\bin;C:\Program Files\Microsoft DNX\Dnvm\;C:\Program Files (x86)\Microsoft SQL Server\Client SDK\ODBC\130\Tools\Binn\;C:\Program Files (x86)\Microsoft SQL Server\140\Tools\Binn\;C:\Program Files (x86)\Microsoft SQL Server\140\DTS\Binn\;C:\Program Files (x86)\Microsoft SQL Server\140\Tools\Binn\ManagementStudio\;C:\Program Files\Java\jdk1.8.0_191\bin;C:\Users\c.gomes.da.silva\AppData\Local\Programs\Python\Python36-32\Scripts\;C:\Users\c.gomes.da.silva\AppData\Local\Programs\Python\Python36-32\;C:\Users\c.gomes.da.silva\AppData\Local\Programs\Python\Python37-32\Scripts\;C:\Users\c.gomes.da.silva\AppData\Local\Programs\Python\Python37-32\;C:\Users\c.gomes.da.silva\AppData\Local\Microsoft\WindowsApps;C:\Users\c.gomes.da.silva\AppData\Local\Programs\Microsoft VS Code\bin;C:\Users\c.gomes.da.silva\AppData\Local\GitHubDesktop\bin;.]
2019-04-11 14:20:35.210  INFO 6360 --- [localhost-startStop-1] o.a.c.c.C.[.[localhost].[/bancoRest]     : Initializing Spring embedded WebApplicationContext
2019-04-11 14:20:35.211  INFO 6360 --- [localhost-startStop-1] o.s.web.context.ContextLoader            : Root WebApplicationContext: initialization completed in 4229 ms
2019-04-11 14:20:36.261  INFO 6360 --- [localhost-startStop-1] o.s.b.w.servlet.FilterRegistrationBean   : Mapping filter: 'characterEncodingFilter' to: [/*]
2019-04-11 14:20:36.262  INFO 6360 --- [localhost-startStop-1] o.s.b.w.servlet.FilterRegistrationBean   : Mapping filter: 'webMvcMetricsFilter' to: [/*]
2019-04-11 14:20:36.263  INFO 6360 --- [localhost-startStop-1] o.s.b.w.servlet.FilterRegistrationBean   : Mapping filter: 'hiddenHttpMethodFilter' to: [/*]
2019-04-11 14:20:36.264  INFO 6360 --- [localhost-startStop-1] o.s.b.w.servlet.FilterRegistrationBean   : Mapping filter: 'httpPutFormContentFilter' to: [/*]
2019-04-11 14:20:36.265  INFO 6360 --- [localhost-startStop-1] o.s.b.w.servlet.FilterRegistrationBean   : Mapping filter: 'requestContextFilter' to: [/*]
2019-04-11 14:20:36.265  INFO 6360 --- [localhost-startStop-1] o.s.b.w.servlet.FilterRegistrationBean   : Mapping filter: 'httpTraceFilter' to: [/*]
2019-04-11 14:20:36.266  INFO 6360 --- [localhost-startStop-1] o.s.b.w.servlet.ServletRegistrationBean  : Servlet dispatcherServlet mapped to [/]
2019-04-11 14:20:36.270  INFO 6360 --- [localhost-startStop-1] o.s.b.w.servlet.ServletRegistrationBean  : Servlet webServlet mapped to [/console/*]
2019-04-11 14:20:36.343  INFO 6360 --- [restartedMain] o.f.core.internal.util.VersionPrinter    : Flyway Community Edition 5.0.7 by Boxfuse
2019-04-11 14:20:36.345  INFO 6360 --- [restartedMain] com.zaxxer.hikari.HikariDataSource       : HikariPool-1 - Starting...
2019-04-11 14:20:36.512  INFO 6360 --- [restartedMain] com.zaxxer.hikari.HikariDataSource       : HikariPool-1 - Start completed.
2019-04-11 14:20:36.529  INFO 6360 --- [restartedMain] o.f.c.internal.database.DatabaseFactory  : Database: jdbc:h2:file:./bancorest-app (H2 1.4)
2019-04-11 14:20:36.649  INFO 6360 --- [restartedMain] o.f.core.internal.command.DbValidate     : Successfully validated 2 migrations (execution time 00:00.052s)
2019-04-11 14:20:36.679  INFO 6360 --- [restartedMain] o.f.c.i.s.JdbcTableSchemaHistory         : Creating Schema History table: "PUBLIC"."flyway_schema_history"
2019-04-11 14:20:36.719  INFO 6360 --- [restartedMain] o.f.core.internal.command.DbMigrate      : Current version of schema "PUBLIC": << Empty Schema >>
2019-04-11 14:20:36.722  INFO 6360 --- [restartedMain] o.f.core.internal.command.DbMigrate      : Migrating schema "PUBLIC" to version 1 - init
2019-04-11 14:20:36.946  INFO 6360 --- [restartedMain] o.f.core.internal.command.DbMigrate      : Migrating schema "PUBLIC" to version 2 - carga
2019-04-11 14:20:37.227  INFO 6360 --- [restartedMain] o.f.core.internal.command.DbMigrate      : Successfully applied 2 migrations to schema "PUBLIC" (execution time 00:00.558s)
2019-04-11 14:20:37.368  INFO 6360 --- [restartedMain] j.LocalContainerEntityManagerFactoryBean : Building JPA container EntityManagerFactory for persistence unit 'default'
2019-04-11 14:20:37.385  INFO 6360 --- [restartedMain] o.hibernate.jpa.internal.util.LogHelper  : HHH000204: Processing PersistenceUnitInfo [
	name: default
	...]
2019-04-11 14:20:37.530  INFO 6360 --- [restartedMain] org.hibernate.Version                    : HHH000412: Hibernate Core {5.2.17.Final}
2019-04-11 14:20:37.533  INFO 6360 --- [restartedMain] org.hibernate.cfg.Environment            : HHH000206: hibernate.properties not found
2019-04-11 14:20:37.600  INFO 6360 --- [restartedMain] o.hibernate.annotations.common.Version   : HCANN000001: Hibernate Commons Annotations {5.0.1.Final}
2019-04-11 14:20:37.778  INFO 6360 --- [restartedMain] org.hibernate.dialect.Dialect            : HHH000400: Using dialect: org.hibernate.dialect.H2Dialect
2019-04-11 14:20:38.396  INFO 6360 --- [restartedMain] j.LocalContainerEntityManagerFactoryBean : Initialized JPA EntityManagerFactory for persistence unit 'default'
2019-04-11 14:20:38.837  INFO 6360 --- [restartedMain] o.s.w.s.handler.SimpleUrlHandlerMapping  : Mapped URL path [/**/favicon.ico] onto handler of type [class org.springframework.web.servlet.resource.ResourceHttpRequestHandler]
2019-04-11 14:20:39.173  INFO 6360 --- [restartedMain] s.w.s.m.m.a.RequestMappingHandlerAdapter : Looking for @ControllerAdvice: org.springframework.boot.web.servlet.context.AnnotationConfigServletWebServerApplicationContext@65a9ec23: startup date [Thu Apr 11 14:20:30 GFT 2019]; root of context hierarchy
2019-04-11 14:20:39.209  WARN 6360 --- [restartedMain] aWebConfiguration$JpaWebMvcConfiguration : spring.jpa.open-in-view is enabled by default. Therefore, database queries may be performed during view rendering. Explicitly configure spring.jpa.open-in-view to disable this warning
2019-04-11 14:20:39.249  INFO 6360 --- [restartedMain] s.w.s.m.m.a.RequestMappingHandlerMapping : Mapped "{[/api/v1/transacao],methods=[GET]}" onto public org.springframework.http.ResponseEntity<java.util.List<com.nosbielc.crawler.banco.rest.dtos.TransacaoDTO>> com.nosbielc.crawler.banco.rest.controllers.TransacaoController.all()
2019-04-11 14:20:39.255  INFO 6360 --- [restartedMain] s.w.s.m.m.a.RequestMappingHandlerMapping : Mapped "{[/api/v1/transacao/pageable],methods=[GET]}" onto public org.springframework.http.ResponseEntity<com.nosbielc.crawler.banco.rest.response.Response<org.springframework.data.domain.Page<com.nosbielc.crawler.banco.rest.dtos.TransacaoDTO>>> com.nosbielc.crawler.banco.rest.controllers.TransacaoController.listar(java.lang.Integer,java.lang.String,java.lang.String)
2019-04-11 14:20:39.258  INFO 6360 --- [restartedMain] s.w.s.m.m.a.RequestMappingHandlerMapping : Mapped "{[/api/v1/transacao/{id}],methods=[GET]}" onto public org.springframework.http.ResponseEntity<com.nosbielc.crawler.banco.rest.response.Response<com.nosbielc.crawler.banco.rest.dtos.TransacaoDTO>> com.nosbielc.crawler.banco.rest.controllers.TransacaoController.show(java.lang.Long)
2019-04-11 14:20:39.263  INFO 6360 --- [restartedMain] s.w.s.m.m.a.RequestMappingHandlerMapping : Mapped "{[/error]}" onto public org.springframework.http.ResponseEntity<java.util.Map<java.lang.String, java.lang.Object>> org.springframework.boot.autoconfigure.web.servlet.error.BasicErrorController.error(javax.servlet.http.HttpServletRequest)
2019-04-11 14:20:39.264  INFO 6360 --- [restartedMain] s.w.s.m.m.a.RequestMappingHandlerMapping : Mapped "{[/error],produces=[text/html]}" onto public org.springframework.web.servlet.ModelAndView org.springframework.boot.autoconfigure.web.servlet.error.BasicErrorController.errorHtml(javax.servlet.http.HttpServletRequest,javax.servlet.http.HttpServletResponse)
2019-04-11 14:20:39.312  INFO 6360 --- [restartedMain] o.s.w.s.handler.SimpleUrlHandlerMapping  : Mapped URL path [/webjars/**] onto handler of type [class org.springframework.web.servlet.resource.ResourceHttpRequestHandler]
2019-04-11 14:20:39.313  INFO 6360 --- [restartedMain] o.s.w.s.handler.SimpleUrlHandlerMapping  : Mapped URL path [/**] onto handler of type [class org.springframework.web.servlet.resource.ResourceHttpRequestHandler]
2019-04-11 14:20:40.013  INFO 6360 --- [restartedMain] o.s.b.d.a.OptionalLiveReloadServer       : LiveReload server is running on port 35729
2019-04-11 14:20:40.029  INFO 6360 --- [restartedMain] o.s.b.a.e.web.EndpointLinksResolver      : Exposing 2 endpoint(s) beneath base path '/actuator'
2019-04-11 14:20:40.044  INFO 6360 --- [restartedMain] s.b.a.e.w.s.WebMvcEndpointHandlerMapping : Mapped "{[/actuator/health],methods=[GET],produces=[application/vnd.spring-boot.actuator.v2+json || application/json]}" onto public java.lang.Object org.springframework.boot.actuate.endpoint.web.servlet.AbstractWebMvcEndpointHandlerMapping$OperationHandler.handle(javax.servlet.http.HttpServletRequest,java.util.Map<java.lang.String, java.lang.String>)
2019-04-11 14:20:40.046  INFO 6360 --- [restartedMain] s.b.a.e.w.s.WebMvcEndpointHandlerMapping : Mapped "{[/actuator/info],methods=[GET],produces=[application/vnd.spring-boot.actuator.v2+json || application/json]}" onto public java.lang.Object org.springframework.boot.actuate.endpoint.web.servlet.AbstractWebMvcEndpointHandlerMapping$OperationHandler.handle(javax.servlet.http.HttpServletRequest,java.util.Map<java.lang.String, java.lang.String>)
2019-04-11 14:20:40.047  INFO 6360 --- [restartedMain] s.b.a.e.w.s.WebMvcEndpointHandlerMapping : Mapped "{[/actuator],methods=[GET],produces=[application/vnd.spring-boot.actuator.v2+json || application/json]}" onto protected java.util.Map<java.lang.String, java.util.Map<java.lang.String, org.springframework.boot.actuate.endpoint.web.Link>> org.springframework.boot.actuate.endpoint.web.servlet.WebMvcEndpointHandlerMapping.links(javax.servlet.http.HttpServletRequest,javax.servlet.http.HttpServletResponse)
2019-04-11 14:20:40.111  INFO 6360 --- [restartedMain] o.s.j.e.a.AnnotationMBeanExporter        : Registering beans for JMX exposure on startup
2019-04-11 14:20:40.113  INFO 6360 --- [restartedMain] o.s.j.e.a.AnnotationMBeanExporter        : Bean with name 'dataSource' has been autodetected for JMX exposure
2019-04-11 14:20:40.124  INFO 6360 --- [restartedMain] o.s.j.e.a.AnnotationMBeanExporter        : Located MBean 'dataSource': registering with JMX server as MBean [com.zaxxer.hikari:name=dataSource,type=HikariDataSource]
2019-04-11 14:20:40.172  INFO 6360 --- [restartedMain] o.s.b.w.embedded.tomcat.TomcatWebServer  : Tomcat started on port(s): 7080 (http) with context path '/bancoRest'
2019-04-11 14:20:40.176  INFO 6360 --- [restartedMain] c.n.c.banco.rest.BancoRestApplication    : Started BancoRestApplication in 10.043 seconds (JVM running for 11.858)
2019-04-11 14:20:40.880  INFO 6360 --- [RMI TCP Connection(2)-10.0.75.1] o.a.c.c.C.[.[localhost].[/bancoRest]     : Initializing Spring FrameworkServlet 'dispatcherServlet'
2019-04-11 14:20:40.882  INFO 6360 --- [RMI TCP Connection(2)-10.0.75.1] o.s.web.servlet.DispatcherServlet        : FrameworkServlet 'dispatcherServlet': initialization started
2019-04-11 14:20:40.905  INFO 6360 --- [RMI TCP Connection(2)-10.0.75.1] o.s.web.servlet.DispatcherServlet        : FrameworkServlet 'dispatcherServlet': initialization completed in 22 ms
2019-04-11 14:37:24.129  INFO 15472 --- [restartedMain] c.n.c.banco.rest.BancoRestApplication    : Starting BancoRestApplication on WIN10-EUNSVLP5 with PID 15472 (C:\Users\c.gomes.da.silva\Documents\GitHub\Crawler\banco-rest\target\classes started by c.gomes.da.silva in C:\Users\c.gomes.da.silva\Documents\GitHub\Crawler)
2019-04-11 14:37:24.130  INFO 15472 --- [restartedMain] c.n.c.banco.rest.BancoRestApplication    : No active profile set, falling back to default profiles: default
2019-04-11 14:37:24.228  INFO 15472 --- [restartedMain] ConfigServletWebServerApplicationContext : Refreshing org.springframework.boot.web.servlet.context.AnnotationConfigServletWebServerApplicationContext@21b84316: startup date [Thu Apr 11 14:37:24 GFT 2019]; root of context hierarchy
2019-04-11 14:37:27.596  INFO 15472 --- [restartedMain] trationDelegate$BeanPostProcessorChecker : Bean 'org.springframework.transaction.annotation.ProxyTransactionManagementConfiguration' of type [org.springframework.transaction.annotation.ProxyTransactionManagementConfiguration$$EnhancerBySpringCGLIB$$90ad13cc] is not eligible for getting processed by all BeanPostProcessors (for example: not eligible for auto-proxying)
2019-04-11 14:37:28.347  INFO 15472 --- [restartedMain] o.s.b.w.embedded.tomcat.TomcatWebServer  : Tomcat initialized with port(s): 7080 (http)
2019-04-11 14:37:28.389  INFO 15472 --- [restartedMain] o.apache.catalina.core.StandardService   : Starting service [Tomcat]
2019-04-11 14:37:28.389  INFO 15472 --- [restartedMain] org.apache.catalina.core.StandardEngine  : Starting Servlet Engine: Apache Tomcat/8.5.32
2019-04-11 14:37:28.399  INFO 15472 --- [localhost-startStop-1] o.a.catalina.core.AprLifecycleListener   : The APR based Apache Tomcat Native library which allows optimal performance in production environments was not found on the java.library.path: [C:\Program Files\Java\jdk1.8.0_191\bin;C:\windows\Sun\Java\bin;C:\windows\system32;C:\windows;C:\ProgramData\DockerDesktop\version-bin;C:\Program Files\Docker\Docker\Resources\bin;C:\Program Files (x86)\Embarcadero\Studio\20.0\bin;C:\Users\Public\Documents\Embarcadero\Studio\20.0\Bpl;C:\Program Files (x86)\Embarcadero\Studio\20.0\bin64;C:\Users\Public\Documents\Embarcadero\Studio\20.0\Bpl\Win64;C:\Program Files (x86)\Common Files\Oracle\Java\javapath;C:\Program Files (x86)\Intel\Intel(R) Management Engine Components\iCLS\;C:\Program Files\Intel\Intel(R) Management Engine Components\iCLS\;C:\windows\system32;C:\windows;C:\windows\System32\Wbem;C:\windows\System32\WindowsPowerShell\v1.0\;C:\windows\System32\OpenSSH\;C:\Program Files (x86)\Intel\Intel(R) Management Engine Components\DAL;C:\Program Files\Intel\Intel(R) Management Engine Components\DAL;C:\Program Files (x86)\Intel\Intel(R) Management Engine Components\IPT;C:\Program Files\Intel\Intel(R) Management Engine Components\IPT;C:\Program Files\Intel\WiFi\bin\;C:\Program Files\Common Files\Intel\WirelessCommon\;C:\Program Files\Git\cmd;C:\Program Files\Microsoft SQL Server\130\Tools\Binn\;C:\Program Files\dotnet\;C:\Program Files (x86)\GtkSharp\2.12\bin;C:\windows\system32\config\systemprofile\.dnx\bin;C:\Program Files\Microsoft DNX\Dnvm\;C:\Program Files (x86)\Microsoft SQL Server\Client SDK\ODBC\130\Tools\Binn\;C:\Program Files (x86)\Microsoft SQL Server\140\Tools\Binn\;C:\Program Files (x86)\Microsoft SQL Server\140\DTS\Binn\;C:\Program Files (x86)\Microsoft SQL Server\140\Tools\Binn\ManagementStudio\;C:\Program Files\Java\jdk1.8.0_191\bin;C:\Users\c.gomes.da.silva\AppData\Local\Programs\Python\Python36-32\Scripts\;C:\Users\c.gomes.da.silva\AppData\Local\Programs\Python\Python36-32\;C:\Users\c.gomes.da.silva\AppData\Local\Programs\Python\Python37-32\Scripts\;C:\Users\c.gomes.da.silva\AppData\Local\Programs\Python\Python37-32\;C:\Users\c.gomes.da.silva\AppData\Local\Microsoft\WindowsApps;C:\Users\c.gomes.da.silva\AppData\Local\Programs\Microsoft VS Code\bin;C:\Users\c.gomes.da.silva\AppData\Local\GitHubDesktop\bin;.]
2019-04-11 14:37:28.550  INFO 15472 --- [localhost-startStop-1] o.a.c.c.C.[.[localhost].[/bancoRest]     : Initializing Spring embedded WebApplicationContext
2019-04-11 14:37:28.550  INFO 15472 --- [localhost-startStop-1] o.s.web.context.ContextLoader            : Root WebApplicationContext: initialization completed in 4322 ms
2019-04-11 14:37:29.579  INFO 15472 --- [localhost-startStop-1] o.s.b.w.servlet.FilterRegistrationBean   : Mapping filter: 'characterEncodingFilter' to: [/*]
2019-04-11 14:37:29.580  INFO 15472 --- [localhost-startStop-1] o.s.b.w.servlet.FilterRegistrationBean   : Mapping filter: 'webMvcMetricsFilter' to: [/*]
2019-04-11 14:37:29.582  INFO 15472 --- [localhost-startStop-1] o.s.b.w.servlet.FilterRegistrationBean   : Mapping filter: 'hiddenHttpMethodFilter' to: [/*]
2019-04-11 14:37:29.582  INFO 15472 --- [localhost-startStop-1] o.s.b.w.servlet.FilterRegistrationBean   : Mapping filter: 'httpPutFormContentFilter' to: [/*]
2019-04-11 14:37:29.583  INFO 15472 --- [localhost-startStop-1] o.s.b.w.servlet.FilterRegistrationBean   : Mapping filter: 'requestContextFilter' to: [/*]
2019-04-11 14:37:29.583  INFO 15472 --- [localhost-startStop-1] o.s.b.w.servlet.FilterRegistrationBean   : Mapping filter: 'httpTraceFilter' to: [/*]
2019-04-11 14:37:29.584  INFO 15472 --- [localhost-startStop-1] o.s.b.w.servlet.ServletRegistrationBean  : Servlet dispatcherServlet mapped to [/]
2019-04-11 14:37:29.586  INFO 15472 --- [localhost-startStop-1] o.s.b.w.servlet.ServletRegistrationBean  : Servlet webServlet mapped to [/console/*]
2019-04-11 14:37:29.665  INFO 15472 --- [restartedMain] o.f.core.internal.util.VersionPrinter    : Flyway Community Edition 5.0.7 by Boxfuse
2019-04-11 14:37:29.667  INFO 15472 --- [restartedMain] com.zaxxer.hikari.HikariDataSource       : HikariPool-1 - Starting...
2019-04-11 14:37:29.832  INFO 15472 --- [restartedMain] com.zaxxer.hikari.HikariDataSource       : HikariPool-1 - Start completed.
2019-04-11 14:37:29.840  INFO 15472 --- [restartedMain] o.f.c.internal.database.DatabaseFactory  : Database: jdbc:h2:file:./bancorest-app (H2 1.4)
2019-04-11 14:37:29.967  INFO 15472 --- [restartedMain] o.f.core.internal.command.DbValidate     : Successfully validated 2 migrations (execution time 00:00.071s)
2019-04-11 14:37:30.011  INFO 15472 --- [restartedMain] o.f.core.internal.command.DbMigrate      : Current version of schema "PUBLIC": 2
2019-04-11 14:37:30.012  INFO 15472 --- [restartedMain] o.f.core.internal.command.DbMigrate      : Schema "PUBLIC" is up to date. No migration necessary.
2019-04-11 14:37:30.154  INFO 15472 --- [restartedMain] j.LocalContainerEntityManagerFactoryBean : Building JPA container EntityManagerFactory for persistence unit 'default'
2019-04-11 14:37:30.173  INFO 15472 --- [restartedMain] o.hibernate.jpa.internal.util.LogHelper  : HHH000204: Processing PersistenceUnitInfo [
	name: default
	...]
2019-04-11 14:37:30.283  INFO 15472 --- [restartedMain] org.hibernate.Version                    : HHH000412: Hibernate Core {5.2.17.Final}
2019-04-11 14:37:30.285  INFO 15472 --- [restartedMain] org.hibernate.cfg.Environment            : HHH000206: hibernate.properties not found
2019-04-11 14:37:30.345  INFO 15472 --- [restartedMain] o.hibernate.annotations.common.Version   : HCANN000001: Hibernate Commons Annotations {5.0.1.Final}
2019-04-11 14:37:30.538  INFO 15472 --- [restartedMain] org.hibernate.dialect.Dialect            : HHH000400: Using dialect: org.hibernate.dialect.H2Dialect
2019-04-11 14:37:31.084  INFO 15472 --- [restartedMain] j.LocalContainerEntityManagerFactoryBean : Initialized JPA EntityManagerFactory for persistence unit 'default'
2019-04-11 14:37:31.443  INFO 15472 --- [restartedMain] o.s.w.s.handler.SimpleUrlHandlerMapping  : Mapped URL path [/**/favicon.ico] onto handler of type [class org.springframework.web.servlet.resource.ResourceHttpRequestHandler]
2019-04-11 14:37:31.687  INFO 15472 --- [restartedMain] s.w.s.m.m.a.RequestMappingHandlerAdapter : Looking for @ControllerAdvice: org.springframework.boot.web.servlet.context.AnnotationConfigServletWebServerApplicationContext@21b84316: startup date [Thu Apr 11 14:37:24 GFT 2019]; root of context hierarchy
2019-04-11 14:37:31.723  WARN 15472 --- [restartedMain] aWebConfiguration$JpaWebMvcConfiguration : spring.jpa.open-in-view is enabled by default. Therefore, database queries may be performed during view rendering. Explicitly configure spring.jpa.open-in-view to disable this warning
2019-04-11 14:37:31.762  INFO 15472 --- [restartedMain] s.w.s.m.m.a.RequestMappingHandlerMapping : Mapped "{[/api/v1/transacao],methods=[GET]}" onto public org.springframework.http.ResponseEntity<java.util.List<com.nosbielc.crawler.banco.rest.dtos.TransacaoDTO>> com.nosbielc.crawler.banco.rest.controllers.TransacaoController.all()
2019-04-11 14:37:31.765  INFO 15472 --- [restartedMain] s.w.s.m.m.a.RequestMappingHandlerMapping : Mapped "{[/api/v1/transacao/pageable],methods=[GET]}" onto public org.springframework.http.ResponseEntity<com.nosbielc.crawler.banco.rest.response.Response<org.springframework.data.domain.Page<com.nosbielc.crawler.banco.rest.dtos.TransacaoDTO>>> com.nosbielc.crawler.banco.rest.controllers.TransacaoController.listar(java.lang.Integer,java.lang.String,java.lang.String)
2019-04-11 14:37:31.765  INFO 15472 --- [restartedMain] s.w.s.m.m.a.RequestMappingHandlerMapping : Mapped "{[/api/v1/transacao/{id}],methods=[GET]}" onto public org.springframework.http.ResponseEntity<com.nosbielc.crawler.banco.rest.response.Response<com.nosbielc.crawler.banco.rest.dtos.TransacaoDTO>> com.nosbielc.crawler.banco.rest.controllers.TransacaoController.show(java.lang.Long)
2019-04-11 14:37:31.768  INFO 15472 --- [restartedMain] s.w.s.m.m.a.RequestMappingHandlerMapping : Mapped "{[/error]}" onto public org.springframework.http.ResponseEntity<java.util.Map<java.lang.String, java.lang.Object>> org.springframework.boot.autoconfigure.web.servlet.error.BasicErrorController.error(javax.servlet.http.HttpServletRequest)
2019-04-11 14:37:31.768  INFO 15472 --- [restartedMain] s.w.s.m.m.a.RequestMappingHandlerMapping : Mapped "{[/error],produces=[text/html]}" onto public org.springframework.web.servlet.ModelAndView org.springframework.boot.autoconfigure.web.servlet.error.BasicErrorController.errorHtml(javax.servlet.http.HttpServletRequest,javax.servlet.http.HttpServletResponse)
2019-04-11 14:37:31.796  INFO 15472 --- [restartedMain] o.s.w.s.handler.SimpleUrlHandlerMapping  : Mapped URL path [/webjars/**] onto handler of type [class org.springframework.web.servlet.resource.ResourceHttpRequestHandler]
2019-04-11 14:37:31.796  INFO 15472 --- [restartedMain] o.s.w.s.handler.SimpleUrlHandlerMapping  : Mapped URL path [/**] onto handler of type [class org.springframework.web.servlet.resource.ResourceHttpRequestHandler]
2019-04-11 14:37:32.309  INFO 15472 --- [restartedMain] o.s.b.d.a.OptionalLiveReloadServer       : LiveReload server is running on port 35729
2019-04-11 14:37:32.352  INFO 15472 --- [restartedMain] o.s.b.a.e.web.EndpointLinksResolver      : Exposing 2 endpoint(s) beneath base path '/actuator'
2019-04-11 14:37:32.369  INFO 15472 --- [restartedMain] s.b.a.e.w.s.WebMvcEndpointHandlerMapping : Mapped "{[/actuator/health],methods=[GET],produces=[application/vnd.spring-boot.actuator.v2+json || application/json]}" onto public java.lang.Object org.springframework.boot.actuate.endpoint.web.servlet.AbstractWebMvcEndpointHandlerMapping$OperationHandler.handle(javax.servlet.http.HttpServletRequest,java.util.Map<java.lang.String, java.lang.String>)
2019-04-11 14:37:32.372  INFO 15472 --- [restartedMain] s.b.a.e.w.s.WebMvcEndpointHandlerMapping : Mapped "{[/actuator/info],methods=[GET],produces=[application/vnd.spring-boot.actuator.v2+json || application/json]}" onto public java.lang.Object org.springframework.boot.actuate.endpoint.web.servlet.AbstractWebMvcEndpointHandlerMapping$OperationHandler.handle(javax.servlet.http.HttpServletRequest,java.util.Map<java.lang.String, java.lang.String>)
2019-04-11 14:37:32.373  INFO 15472 --- [restartedMain] s.b.a.e.w.s.WebMvcEndpointHandlerMapping : Mapped "{[/actuator],methods=[GET],produces=[application/vnd.spring-boot.actuator.v2+json || application/json]}" onto protected java.util.Map<java.lang.String, java.util.Map<java.lang.String, org.springframework.boot.actuate.endpoint.web.Link>> org.springframework.boot.actuate.endpoint.web.servlet.WebMvcEndpointHandlerMapping.links(javax.servlet.http.HttpServletRequest,javax.servlet.http.HttpServletResponse)
2019-04-11 14:37:32.443  INFO 15472 --- [restartedMain] o.s.j.e.a.AnnotationMBeanExporter        : Registering beans for JMX exposure on startup
2019-04-11 14:37:32.445  INFO 15472 --- [restartedMain] o.s.j.e.a.AnnotationMBeanExporter        : Bean with name 'dataSource' has been autodetected for JMX exposure
2019-04-11 14:37:32.456  INFO 15472 --- [restartedMain] o.s.j.e.a.AnnotationMBeanExporter        : Located MBean 'dataSource': registering with JMX server as MBean [com.zaxxer.hikari:name=dataSource,type=HikariDataSource]
2019-04-11 14:37:32.517  INFO 15472 --- [restartedMain] o.s.b.w.embedded.tomcat.TomcatWebServer  : Tomcat started on port(s): 7080 (http) with context path '/bancoRest'
2019-04-11 14:37:32.522  INFO 15472 --- [restartedMain] c.n.c.banco.rest.BancoRestApplication    : Started BancoRestApplication in 9.11 seconds (JVM running for 10.687)
2019-04-11 14:37:33.146  INFO 15472 --- [RMI TCP Connection(3)-10.0.75.1] o.a.c.c.C.[.[localhost].[/bancoRest]     : Initializing Spring FrameworkServlet 'dispatcherServlet'
2019-04-11 14:37:33.146  INFO 15472 --- [RMI TCP Connection(3)-10.0.75.1] o.s.web.servlet.DispatcherServlet        : FrameworkServlet 'dispatcherServlet': initialization started
2019-04-11 14:37:33.174  INFO 15472 --- [RMI TCP Connection(3)-10.0.75.1] o.s.web.servlet.DispatcherServlet        : FrameworkServlet 'dispatcherServlet': initialization completed in 28 ms
2019-04-11 14:41:07.447  INFO 15472 --- [http-nio-7080-exec-2] o.h.h.i.QueryTranslatorFactoryInitiator  : HHH000397: Using ASTQueryTranslatorFactory
